\BOOKMARK [0][-]{section*.2}{An introduction on bayesian parameter inference and its applications in cosmology}{}% 2
\BOOKMARK [1][-]{section*.1}{Abstract}{section*.2}% 1
\BOOKMARK [1][-]{section*.3}{Introduction}{section*.2}% 3
\BOOKMARK [1][-]{section*.4}{Bayesian vs Frequentist statistics}{section*.2}% 4
\BOOKMARK [2][-]{section*.5}{Frequentist statistics}{section*.4}% 5
\BOOKMARK [2][-]{section*.6}{Bayesian statistics}{section*.4}% 6
\BOOKMARK [2][-]{section*.7}{A little more clear}{section*.4}% 7
\BOOKMARK [1][-]{section*.9}{A first look of the Bayesian statistics}{section*.2}% 8
\BOOKMARK [2][-]{section*.10}{Bayes theorem, priors, posteriors and all that stufs}{section*.9}% 9
\BOOKMARK [2][-]{section*.11}{Updating the probability distribution for a model}{section*.9}% 10
\BOOKMARK [2][-]{section*.12}{About the Likelihood}{section*.9}% 11
\BOOKMARK [2][-]{section*.13}{Justifying the neglect of the priors}{section*.9}% 12
\BOOKMARK [2][-]{section*.14}{Chisquare and goodness of fit}{section*.9}% 13
\BOOKMARK [2][-]{section*.15}{Contour plots and confidence regions}{section*.9}% 14
\BOOKMARK [2][-]{section*.17}{Marginalization}{section*.9}% 15
\BOOKMARK [2][-]{section*.18}{Fisher Matrix}{section*.9}% 16
\BOOKMARK [2][-]{section*.19}{Importance Sampling}{section*.9}% 17
\BOOKMARK [2][-]{section*.20}{Combining datasets: Hyperparameter method}{section*.9}% 18
\BOOKMARK [1][-]{section*.22}{Numerical tools}{section*.2}% 19
\BOOKMARK [2][-]{section*.23}{MCMC techniques for parameter inference}{section*.22}% 20
\BOOKMARK [3][-]{section*.24}{Metropolis Hasting algorithm}{section*.23}% 21
\BOOKMARK [3][-]{section*.25}{A first example in parameter inference using a MCMC technique with a MHA}{section*.23}% 22
\BOOKMARK [3][-]{section*.26}{Convergence test}{section*.23}% 23
\BOOKMARK [3][-]{section*.27}{Some useful details}{section*.23}% 24
\BOOKMARK [2][-]{section*.28}{A first complete session work: Adjusting a straight-line}{section*.22}% 25
\BOOKMARK [3][-]{section*.29}{Case 1}{section*.28}% 26
\BOOKMARK [3][-]{section*.32}{Case 2}{section*.28}% 27
\BOOKMARK [1][-]{section*.35}{Bayesian statistic and Cosmology}{section*.2}% 28
\BOOKMARK [2][-]{section*.36}{A first example in parameter inference for Cosmology}{section*.35}% 29
\BOOKMARK [3][-]{section*.37}{What is the model and the theory?}{section*.36}% 30
\BOOKMARK [3][-]{section*.38}{The observables and the data}{section*.36}% 31
\BOOKMARK [3][-]{section*.39}{Inferring the free parameters of the model}{section*.36}% 32
\BOOKMARK [2][-]{section*.40}{What is next?}{section*.35}% 33
\BOOKMARK [3][-]{section*.41}{Statistical codes}{section*.40}% 34
\BOOKMARK [2][-]{section*.42}{Some examples}{section*.35}% 35
\BOOKMARK [2][-]{section*.43}{Conclusions}{section*.35}% 36
\BOOKMARK [1][-]{section*.44}{A. A simple MCMC python code}{section*.2}% 37
\BOOKMARK [1][-]{section*.49}{References}{section*.2}% 38
