\BOOKMARK [0][-]{section*.2}{An introduction on bayesian statistics and its applications in cosmology}{}% 2
\BOOKMARK [1][-]{section*.1}{Abstract}{section*.2}% 1
\BOOKMARK [1][-]{section*.3}{Introduction}{section*.2}% 3
\BOOKMARK [1][-]{section*.4}{Bayesian vs frequentist statistics}{section*.2}% 4
\BOOKMARK [2][-]{section*.5}{Frequentist statistics}{section*.4}% 5
\BOOKMARK [2][-]{section*.6}{Bayesian statistics}{section*.4}% 6
\BOOKMARK [2][-]{section*.7}{A little more clear}{section*.4}% 7
\BOOKMARK [1][-]{section*.9}{A first look of the Bayesian statistics}{section*.2}% 8
\BOOKMARK [2][-]{section*.10}{Bayes theorem, prior and posterior distributions}{section*.9}% 9
\BOOKMARK [2][-]{section*.11}{Updating the probability distribution for a model}{section*.9}% 10
\BOOKMARK [2][-]{section*.12}{About the Likelihood}{section*.9}% 11
\BOOKMARK [2][-]{section*.13}{Justifying the neglect of the priors}{section*.9}% 12
\BOOKMARK [2][-]{section*.14}{Chisquare and goodness of fit}{section*.9}% 13
\BOOKMARK [2][-]{section*.15}{Contour plots and confidence regions}{section*.9}% 14
\BOOKMARK [2][-]{section*.17}{Marginalization}{section*.9}% 15
\BOOKMARK [2][-]{section*.18}{Fisher Matrix}{section*.9}% 16
\BOOKMARK [1][-]{section*.19}{Numerical tools}{section*.2}% 17
\BOOKMARK [2][-]{section*.20}{MCMC techniques for parameter inference}{section*.19}% 18
\BOOKMARK [3][-]{section*.21}{Metropolis Hasting algorithm}{section*.20}% 19
\BOOKMARK [3][-]{section*.22}{A first example in parameter inference using a MCMC technique with a MHA}{section*.20}% 20
\BOOKMARK [3][-]{section*.23}{Some useful details}{section*.20}% 21
\BOOKMARK [1][-]{section*.24}{Bayesian statistic and Cosmology}{section*.2}% 22
\BOOKMARK [2][-]{section*.25}{A first example in parameter inference for Cosmology}{section*.24}% 23
\BOOKMARK [2][-]{section*.26}{Cosmological codes}{section*.24}% 24
\BOOKMARK [2][-]{section*.27}{Statistical codes}{section*.24}% 25
\BOOKMARK [3][-]{section*.28}{Monte Python}{section*.27}% 26
\BOOKMARK [3][-]{section*.29}{CosmoMC}{section*.27}% 27
\BOOKMARK [3][-]{section*.30}{SimpleMC}{section*.27}% 28
\BOOKMARK [2][-]{section*.31}{Some examples}{section*.24}% 29
\BOOKMARK [2][-]{section*.32}{Conclusions}{section*.24}% 30
\BOOKMARK [1][-]{section*.33}{A. A simple MCMC python code}{section*.2}% 31
\BOOKMARK [1][-]{section*.38}{References}{section*.2}% 32
